<<<<<<< HEAD
﻿Build started 13/03/2014 22:01:27.
     1>Project "C:\Source Repository\SourceTree\Comp Games Lab\Final Project - Model Loader with AR\ARApplication\ARApplication\ARApplication.vcxproj" on node 2 (Build target(s)).
     1>ClCompile:
         C:\Programs\VS 2013\VC\bin\CL.exe /c /I"C:\Source Repository\SourceTree\Comp Games Lab\Final Project - Model Loader with AR\ARApplication\ARApplication\\include" /IC:\Windows\SysWOW64 /Zi /nologo /W3 /WX- /O2 /Oi /Oy- /GL /D _MBCS /Gm- /EHsc /MD /GS /Gy /fp:precise /Zc:wchar_t /Zc:forScope /Fo"Release\\" /Fd"Release\vc120.pdb" /Gd /TP /analyze- /errorReport:prompt main.cpp
=======
﻿Build started 13/03/2014 23:09:16.
     1>Project "C:\Users\Adam\Documents\UNI\Year 4\Games Development\Git Shared\Final Project - Model Loader with AR\ARApplication\ARApplication\ARApplication.vcxproj" on node 2 (Build target(s)).
     1>InitializeBuildStatus:
         Touching "Release\ARApplication.tlog\unsuccessfulbuild".
       ClCompile:
         C:\Program Files (x86)\Microsoft Visual Studio 12.0\VC\bin\CL.exe /c /I"C:\Users\Adam\Documents\UNI\Year 4\Games Development\Git Shared\Final Project - Model Loader with AR\ARApplication\ARApplication\\include" /IC:\Windows\SysWOW64 /Zi /nologo /W3 /WX- /O2 /Oi /Oy- /GL /D _MBCS /Gm- /EHsc /MD /GS /Gy /fp:precise /Zc:wchar_t /Zc:forScope /Fo"Release\\" /Fd"Release\vc120.pdb" /Gd /TP /analyze- /errorReport:prompt main.cpp
>>>>>>> eea23e9bd16fa5cfdbfe6435887e105832e81fd5
         main.cpp
         All outputs are up-to-date.
       Link:
         C:\Program Files (x86)\Microsoft Visual Studio 12.0\VC\bin\link.exe /ERRORREPORT:PROMPT /OUT:"C:\Users\Adam\Documents\UNI\Year 4\Games Development\Git Shared\Final Project - Model Loader with AR\ARApplication\Release\ARApplication.exe" /NOLOGO libARd.lib libARgsubd.lib libARvideod.lib freetype.lib OpenAL32.lib alut.lib opengl32.lib glu32.lib glut32.lib kernel32.lib user32.lib gdi32.lib winspool.lib comdlg32.lib advapi32.lib shell32.lib ole32.lib oleaut32.lib uuid.lib odbc32.lib odbccp32.lib kernel32.lib user32.lib gdi32.lib winspool.lib comdlg32.lib advapi32.lib shell32.lib ole32.lib oleaut32.lib uuid.lib odbc32.lib odbccp32.lib /MANIFEST /MANIFESTUAC:"level='asInvoker' uiAccess='false'" /manifest:embed /DEBUG /PDB:"C:\Users\Adam\Documents\UNI\Year 4\Games Development\Git Shared\Final Project - Model Loader with AR\ARApplication\Release\ARApplication.pdb" /OPT:REF /OPT:ICF /LTCG /TLBID:1 /DYNAMICBASE /NXCOMPAT /IMPLIB:"C:\Users\Adam\Documents\UNI\Year 4\Games Development\Git Shared\Final Project - Model Loader with AR\ARApplication\Release\ARApplication.lib" /MACHINE:X86 /SAFESEH Release\bitmap.obj
         Release\card.obj
         Release\freetype.obj
         Release\gamestate.obj
         Release\md5load.obj
         Release\menutextures.obj
         Release\model_obj.obj
         Release\object.obj
         Release\objload.obj
         Release\main.obj
         Release\soundeffect.obj
     1>libARd.lib(arGetCode.obj) : warning LNK4075: ignoring '/EDITANDCONTINUE' due to '/OPT:ICF' specification
     1>LINK : warning LNK4098: defaultlib 'LIBCMTD' conflicts with use of other libs; use /NODEFAULTLIB:library
     1>freetype.obj : error LNK2001: unresolved external symbol __imp__FT_Done_Face
     1>freetype.obj : error LNK2001: unresolved external symbol __imp__FT_Init_FreeType
     1>freetype.obj : error LNK2001: unresolved external symbol __imp__FT_Set_Char_Size
     1>freetype.obj : error LNK2001: unresolved external symbol __imp__FT_Load_Glyph
     1>freetype.obj : error LNK2001: unresolved external symbol __imp__FT_Get_Glyph
     1>freetype.obj : error LNK2001: unresolved external symbol __imp__FT_Glyph_To_Bitmap
     1>freetype.obj : error LNK2001: unresolved external symbol __imp__FT_Done_FreeType
     1>freetype.obj : error LNK2001: unresolved external symbol __imp__FT_New_Face
     1>freetype.obj : error LNK2001: unresolved external symbol __imp__FT_Get_Char_Index
     1>C:\Users\Adam\Documents\UNI\Year 4\Games Development\Git Shared\Final Project - Model Loader with AR\ARApplication\Release\ARApplication.exe : fatal error LNK1120: 9 unresolved externals
     1>Done Building Project "C:\Users\Adam\Documents\UNI\Year 4\Games Development\Git Shared\Final Project - Model Loader with AR\ARApplication\ARApplication\ARApplication.vcxproj" (Build target(s)) -- FAILED.

Build FAILED.

<<<<<<< HEAD
Time Elapsed 00:00:03.35
=======
Time Elapsed 00:00:03.51
>>>>>>> eea23e9bd16fa5cfdbfe6435887e105832e81fd5
